C51 COMPILER V9.52.0.0   BSE_MAIN                                                          03/29/2016 17:02:44 PAGE 1   


C51 COMPILER V9.52.0.0, COMPILATION OF MODULE BSE_MAIN
OBJECT MODULE PLACED IN BSE_Main.OBJ
COMPILER INVOKED BY: C:\Keil\C51\BIN\C51.EXE BSE_Main.c BROWSE DEBUG OBJECTEXTEND TABS(2)

line level    source

   1          //------------------------------------------------------------------------------------
   2          // BSE_Main
   3          //------------------------------------------------------------------------------------
   4          //
   5          // AUTH: Farineau Camille - Ngattai Lam Prince
   6          // DATE: 07/10/2015
   7          // Target: C8051F020
   8          //
   9          // Tool chain: KEIL PK51
  10          //
  11          //-----------------------------------------------------------------------------------
  12          // Includes
  13          //------------------------------------------------------------------------------------
  14          #include <LIB_BSE_GPIO.h>
  15          #include <LIB_BSE_Config_Globale.h> 
  16          #include <LIB_BSE_ADC.h>
  17          #include <stdio.h>
  18          #include <stdlib.h>
  19          //-----------------------------------------------------------------------------
  20          // Function PROTOTYPES
  21          //-----------------------------------------------------------------------------
  22          
  23          //------------------------------------------------------------------------------------
  24          // DEFINE
  25          //------------------------------------------------------------------------------------
  26          
  27          //------------------------------------------------------------------------------------
  28          // Global CONSTANTS
  29          //------------------------------------------------------------------------------------
  30          
  31          //------------------------------------------------------------------------------------
  32          // MAIN Routine  NE PAS MODIFIER CETTE FONCTION!!
  33          //------------------------------------------------------------------------------------
  34          
  35          
  36          // QQES WARNINGS SUBSISTENT MAIS N'IMPLIQUE QUE DES FONCTIONS NON APPELEES
  37          void main (void) {
  38   1        
  39   1        //unsigned char Tension;
  40   1        float Distance;
  41   1        // Fonctions de configurations et mises en place des interruptions
  42   1        Init_Device ();
  43   1        Config_GPIO ();
  44   1        CFG_ADC0();
  45   1        CFG_VREF();
  46   1        EA=1;
  47   1        
  48   1        
  49   1        
  50   1        while(1)
  51   1          {
  52   2            if( P2__2==0){
  53   3              float Tension1=ACQ_ADC();
  54   3              Distance=Conversion(Tension1);
  55   3            }
C51 COMPILER V9.52.0.0   BSE_MAIN                                                          03/29/2016 17:02:44 PAGE 2   

  56   2          }
  57   1      
  58   1      
  59   1      }
  60          
  61            


MODULE INFORMATION:   STATIC OVERLAYABLE
   CODE SIZE        =     47    ----
   CONSTANT SIZE    =   ----    ----
   XDATA SIZE       =   ----    ----
   PDATA SIZE       =   ----    ----
   DATA SIZE        =   ----       8
   IDATA SIZE       =   ----    ----
   BIT SIZE         =   ----    ----
END OF MODULE INFORMATION.


C51 COMPILATION COMPLETE.  0 WARNING(S),  0 ERROR(S)
