C51 COMPILER V9.52.0.0   LIB_BSE_CONFIG_GLOBALE                                            03/29/2016 17:02:44 PAGE 1   


C51 COMPILER V9.52.0.0, COMPILATION OF MODULE LIB_BSE_CONFIG_GLOBALE
OBJECT MODULE PLACED IN LIB_BSE_Config_Globale.OBJ
COMPILER INVOKED BY: C:\Keil\C51\BIN\C51.EXE LIB_BSE_Config_Globale.c BROWSE DEBUG OBJECTEXTEND TABS(2)

line level    source

   1          //------------------------------------------------------------------------------------
   2          //LIB_BSE_Config_Globale
   3          //------------------------------------------------------------------------------------
   4          //
   5          // AUTH: Farineau Camille - Ngattai Lam Prince
   6          // DATE: 07/10/2015
   7          // Target: C8051F020
   8          //
   9          // Tool chain: KEIL PK51
  10          //#include <c8051f020.h> 
  11          #include <LIB_BSE_Config_Globale.h>
  12          #include <Declarations_GPIO_BSE.h>
  13          
  14          
  15          void Init_Device (void)
  16          {
  17   1        Ports_Init ();
  18   1        Reset_Init ();
  19   1        
  20   1      }
  21          
  22          void Ports_Init (void)
  23          {
  24   1        P2MDOUT &=~(0x04); //P2.2
  25   1        P2__2=1;
  26   1      }
  27          
  28          void Reset_Init (void)
  29          {
  30   1        EA=0; // Desactivation des interruptions
  31   1        WDTCN = 0xDE; // Desactivation 
  32   1        WDTCN = 0xAD; // du Watchdog
  33   1      }


MODULE INFORMATION:   STATIC OVERLAYABLE
   CODE SIZE        =     21    ----
   CONSTANT SIZE    =   ----    ----
   XDATA SIZE       =   ----    ----
   PDATA SIZE       =   ----    ----
   DATA SIZE        =   ----    ----
   IDATA SIZE       =   ----    ----
   BIT SIZE         =   ----    ----
END OF MODULE INFORMATION.


C51 COMPILATION COMPLETE.  0 WARNING(S),  0 ERROR(S)
